Arguments: 
  C:\Program Files\nodejs\node.exe C:\Users\kakeru\AppData\Roaming\npm\node_modules\yarn\bin\yarn.js install

PATH: 
  C:\Program Files\Amazon Corretto\jdk21.0.5_11\bin;C:\Program Files\Common Files\Oracle\Java\javapath;c:\Users\kakeru\AppData\Local\Programs\cursor\resources\app\bin;C:\Program Files\Java\jdk-17\bin;C:\Windows\system32;C:\Windows;C:\Windows\System32\Wbem;C:\Windows\System32\WindowsPowerShell\v1.0\;C:\Windows\System32\OpenSSH\;C:\Program Files (x86)\NVIDIA Corporation\PhysX\Common;C:\Program Files\NVIDIA Corporation\NVIDIA NvDLISR;C:\Program Files\Git\cmd;C:\Program Files\Amazon\AWSCLIV2\;C:\ProgramData\chocolatey\bin;C:\Program Files\Apache\Maven\apache-maven-3.8.6\bin;C:\WINDOWS\system32;C:\WINDOWS;C:\WINDOWS\System32\Wbem;C:\WINDOWS\System32\WindowsPowerShell\v1.0\;C:\WINDOWS\System32\OpenSSH\;C:\Users\kakeru\AppData\Local\Microsoft\WindowsApps;C:\Users\kakeru\AppData\Roaming\npm;C:\Users\kakeru\AppData\Local\JetBrains\Toolbox\scripts;c:\Users\kakeru\AppData\Local\Programs\cursor\resources\app;C:\Program Files\Docker\Docker\resources\bin;C:\Users\kakeru\AppData\Roaming\nvm;C:\Program Files\nodejs;C:\WINDOWS\system32;C:\WINDOWS;C:\WINDOWS\System32\Wbem;C:\WINDOWS\System32\WindowsPowerShell\v1.0\;C:\WINDOWS\System32\OpenSSH\;C:\Program Files\postgres\postgresql-17.5-1-windows-x64-binaries\pgsql\bin;C:\Users\kakeru\AppData\Local\Programs\Python\Python313\;C:\Program Files\PowerShell\7\;C:\Users\kakeru\AppData\Local\Programs\Python\Python313\Scripts\;C:\Users\kakeru\AppData\Local\Programs\Python\Python313\;C:\Users\kakeru\scoop\shims;C:\Users\kakeru\AppData\Local\pnpm;C:\Users\kakeru\.cargo\bin;C:\Users\kakeru\AppData\Local\Microsoft\WindowsApps;C:\Users\kakeru\AppData\Roaming\npm;C:\Users\kakeru\AppData\Local\JetBrains\Toolbox\scripts;C:\Users\kakeru\AppData\Local\Microsoft\WindowsApps;C:\Users\kakeru\AppData\Local\Programs\Microsoft VS Code\bin;C:\Users\kakeru\AppData\Roaming\nvm;C:\Program Files\nodejs;C:\Program Files\Stripe\stripe_1.19.4_windows_x86_64;C:\Users\kakeru\AppData\Local\Google\Cloud SDK\google-cloud-sdk\bin;C:\Users\kakeru\.dotnet\tools;;C:\Users\kakeru\.fly\bin;C:\Users\kakeru\AppData\Local\Microsoft\WinGet\Links;

Yarn version: 
  1.22.18

Node version: 
  22.11.0

Platform: 
  win32 x64

Trace: 
  Error: EEXIST: file already exists, mkdir 'C:\Users\kakeru\Workspace\bitboxx-payflow\wellbeing-room\node_modules\svelte-eslint-parser\node_modules'

npm manifest: 
  {
    "name": "wellbeing-room",
    "version": "0.0.1",
    "private": true,
    "scripts": {
      "dev": "vite dev",
      "build": "vite build",
      "gen-api-client": "dotenv cross-env-shell 'swagger-typescript-api -p $PUBLIC_BACKEND_URL/q/openapi -o src/lib/arch/api --custom-config tools/config.cjs --module-name-index 2' && pnpm copy-api",
      "copy-api": "cpx src/lib/arch/api/Api.ts ../payflow-e2etest/tests/api",
      "preview": "vite preview",
      "check": "svelte-kit sync && svelte-check --tsconfig ./tsconfig.json",
      "check:watch": "svelte-kit sync && svelte-check --tsconfig ./tsconfig.json --watch",
      "lint": "prettier --check . && eslint .",
      "format": "prettier --write ."
    },
    "devDependencies": {
      "@felte/reporter-svelte": "^1.1.11",
      "@sveltejs/adapter-auto": "^3.0.0",
      "@sveltejs/adapter-static": "^3.0.1",
      "@sveltejs/kit": "^2.0.0",
      "@sveltejs/vite-plugin-svelte": "^3.0.0",
      "@tailwindcss/postcss": "^4.1.14",
      "@types/eslint": "^8.56.7",
      "autoprefixer": "^10.4.21",
      "cpx": "^1.5.0",
      "cross-env": "^7.0.3",
      "dotenv": "^17.2.2",
      "dotenv-cli": "^7.4.2",
      "eslint": "^9.0.0",
      "eslint-config-prettier": "^9.1.0",
      "eslint-plugin-svelte": "^2.36.0",
      "globals": "^15.0.0",
      "less": "^4.2.0",
      "postcss": "^8.5.6",
      "prettier": "^3.1.1",
      "prettier-plugin-svelte": "^3.1.2",
      "svelte": "^4.2.7",
      "svelte-check": "^3.6.0",
      "sveltekit-i18n": "^2.4.2",
      "swagger-typescript-api": "^13.0.3",
      "tailwindcss": "^4.1.14",
      "tslib": "^2.4.1",
      "typescript": "^5.0.0",
      "typescript-eslint": "^7.5.0",
      "vite": "^5.0.3"
    },
    "type": "module",
    "dependencies": {
      "@felte/validator-yup": "^1.1.3",
      "@mdi/js": "^7.4.47",
      "@picocss/pico": "^2.0.6",
      "dayjs": "^1.11.13",
      "felte": "^1.2.14",
      "firebase": "^11.0.2",
      "yup": "^1.4.0",
      "yup-locale-ja": "^1.0.0"
    }
  }

yarn manifest: 
  No manifest

Lockfile: 
  No lockfile
